[    0.000000] Initializing cgroup subsys cpuset
[    0.000000] Initializing cgroup subsys cpu
[    0.000000] Initializing cgroup subsys cpuacct
[    0.000000] Linux version 4.4.0-210-generic (buildd@lgw01-amd64-009) (gcc version 5.4.0 20160609 (Ubuntu 5.4.0-6ubuntu1~16.04.12) ) #242-Ubuntu SMP Fri Apr 16 09:57:56 UTC 2021 (Ubuntu 4.4.0-210.242-generic 4.4.262)
[    0.000000] Command line: BOOT_IMAGE=/boot/vmlinuz-4.4.0-210-generic root=LABEL=cloudimg-rootfs ro console=tty1 console=ttyS0
[    0.000000] KERNEL supported cpus:
[    0.000000]   Intel GenuineIntel
[    0.000000]   AMD AuthenticAMD
[    0.000000]   Centaur CentaurHauls
[    0.000000] [Firmware Bug]: TSC doesn't count with P0 frequency!
[    0.000000] x86/fpu: xstate_offset[2]:  576, xstate_sizes[2]:  256
[    0.000000] x86/fpu: Supporting XSAVE feature 0x01: 'x87 floating point registers'
[    0.000000] x86/fpu: Supporting XSAVE feature 0x02: 'SSE registers'
[    0.000000] x86/fpu: Supporting XSAVE feature 0x04: 'AVX registers'
[    0.000000] x86/fpu: Enabled xstate features 0x7, context size is 832 bytes, using 'standard' format.
[    0.000000] e820: BIOS-provided physical RAM map:
[    0.000000] BIOS-e820: [mem 0x0000000000000000-0x000000000009fbff] usable
[    0.000000] BIOS-e820: [mem 0x000000000009fc00-0x000000000009ffff] reserved
[    0.000000] BIOS-e820: [mem 0x00000000000f0000-0x00000000000fffff] reserved
[    0.000000] BIOS-e820: [mem 0x0000000000100000-0x000000003ffeffff] usable
[    0.000000] BIOS-e820: [mem 0x000000003fff0000-0x000000003fffffff] ACPI data
[    0.000000] BIOS-e820: [mem 0x00000000fec00000-0x00000000fec00fff] reserved
[    0.000000] BIOS-e820: [mem 0x00000000fee00000-0x00000000fee00fff] reserved
[    0.000000] BIOS-e820: [mem 0x00000000fffc0000-0x00000000ffffffff] reserved
[    0.000000] NX (Execute Disable) protection: active
[    0.000000] SMBIOS 2.5 present.
[    0.000000] Hypervisor detected: KVM
[    0.000000] Kernel/User page tables isolation: disabled
[    0.000000] e820: last_pfn = 0x3fff0 max_arch_pfn = 0x400000000
[    0.000000] MTRR: Disabled
[    0.000000] x86/PAT: MTRRs disabled, skipping PAT initialization too.
[    0.000000] CPU MTRRs all blank - virtualized system.
[    0.000000] x86/PAT: Configuration [0-7]: WB  WT  UC- UC  WB  WT  UC- UC  
[    0.000000] found SMP MP-table at [mem 0x0009fff0-0x0009ffff] mapped at [ffff88000009fff0]
[    0.000000] Scanning 1 areas for low memory corruption
[    0.000000] RAMDISK: [mem 0x362dc000-0x37165fff]
[    0.000000] ACPI: Early table checksum verification disabled
[    0.000000] ACPI: RSDP 0x00000000000E0000 000024 (v02 VBOX  )
[    0.000000] ACPI: XSDT 0x000000003FFF0030 00003C (v01 VBOX   VBOXXSDT 00000001 ASL  00000061)
[    0.000000] ACPI: FACP 0x000000003FFF00F0 0000F4 (v04 VBOX   VBOXFACP 00000001 ASL  00000061)
[    0.000000] ACPI: DSDT 0x000000003FFF0470 002325 (v02 VBOX   VBOXBIOS 00000002 INTL 20100528)
[    0.000000] ACPI: FACS 0x000000003FFF0200 000040
[    0.000000] ACPI: FACS 0x000000003FFF0200 000040
[    0.000000] ACPI: APIC 0x000000003FFF0240 00005C (v02 VBOX   VBOXAPIC 00000001 ASL  00000061)
[    0.000000] ACPI: SSDT 0x000000003FFF02A0 0001CC (v01 VBOX   VBOXCPUT 00000002 INTL 20100528)
[    0.000000] No NUMA configuration found
[    0.000000] Faking a node at [mem 0x0000000000000000-0x000000003ffeffff]
[    0.000000] NODE_DATA(0) allocated [mem 0x3ffeb000-0x3ffeffff]
[    0.000000] kvm-clock: Using msrs 4b564d01 and 4b564d00
[    0.000000] kvm-clock: cpu 0, msr 0:3ffe3001, primary cpu clock
[    0.000000] kvm-clock: using sched offset of 3002061015 cycles
[    0.000000] clocksource: kvm-clock: mask: 0xffffffffffffffff max_cycles: 0x1cd42e4dffb, max_idle_ns: 881590591483 ns
[    0.000000] Zone ranges:
[    0.000000]   DMA      [mem 0x0000000000001000-0x0000000000ffffff]
[    0.000000]   DMA32    [mem 0x0000000001000000-0x000000003ffeffff]
[    0.000000]   Normal   empty
[    0.000000]   Device   empty
[    0.000000] Movable zone start for each node
[    0.000000] Early memory node ranges
[    0.000000]   node   0: [mem 0x0000000000001000-0x000000000009efff]
[    0.000000]   node   0: [mem 0x0000000000100000-0x000000003ffeffff]
[    0.000000] Initmem setup node 0 [mem 0x0000000000001000-0x000000003ffeffff]
[    0.000000] ACPI: PM-Timer IO Port: 0x4008
[    0.000000] IOAPIC[0]: apic_id 2, version 32, address 0xfec00000, GSI 0-23
[    0.000000] ACPI: INT_SRC_OVR (bus 0 bus_irq 0 global_irq 2 dfl dfl)
[    0.000000] ACPI: INT_SRC_OVR (bus 0 bus_irq 9 global_irq 9 low level)
[    0.000000] Using ACPI (MADT) for SMP configuration information
[    0.000000] smpboot: Allowing 2 CPUs, 0 hotplug CPUs
[    0.000000] PM: Registered nosave memory: [mem 0x00000000-0x00000fff]
[    0.000000] PM: Registered nosave memory: [mem 0x0009f000-0x0009ffff]
[    0.000000] PM: Registered nosave memory: [mem 0x000a0000-0x000effff]
[    0.000000] PM: Registered nosave memory: [mem 0x000f0000-0x000fffff]
[    0.000000] e820: [mem 0x40000000-0xfebfffff] available for PCI devices
[    0.000000] Booting paravirtualized kernel on KVM
[    0.000000] clocksource: refined-jiffies: mask: 0xffffffff max_cycles: 0xffffffff, max_idle_ns: 7645519600211568 ns
[    0.000000] setup_percpu: NR_CPUS:512 nr_cpumask_bits:512 nr_cpu_ids:2 nr_node_ids:1
[    0.000000] PERCPU: Embedded 33 pages/cpu @ffff88003fc00000 s95192 r8192 d31784 u1048576
[    0.000000] Built 1 zonelists in Node order, mobility grouping on.  Total pages: 257912
[    0.000000] Policy zone: DMA32
[    0.000000] Kernel command line: BOOT_IMAGE=/boot/vmlinuz-4.4.0-210-generic root=LABEL=cloudimg-rootfs ro console=tty1 console=ttyS0
[    0.000000] PID hash table entries: 4096 (order: 3, 32768 bytes)
[    0.000000] Memory: 997792K/1048120K available (8644K kernel code, 1332K rwdata, 4044K rodata, 1492K init, 1164K bss, 50328K reserved, 0K cma-reserved)
[    0.000000] SLUB: HWalign=64, Order=0-3, MinObjects=0, CPUs=2, Nodes=1
[    0.000000] Hierarchical RCU implementation.
[    0.000000] 	Build-time adjustment of leaf fanout to 64.
[    0.000000] 	RCU restricting CPUs from NR_CPUS=512 to nr_cpu_ids=2.
[    0.000000] RCU: Adjusting geometry for rcu_fanout_leaf=64, nr_cpu_ids=2
[    0.000000] NR_IRQS:33024 nr_irqs:440 16
[    0.000000] Console: colour VGA+ 80x25
[    0.000000] console [tty1] enabled
[    0.000000] console [ttyS0] enabled
[    0.000000] tsc: Detected 3293.812 MHz processor
[    0.100885] Calibrating delay loop (skipped) preset value.. 6587.62 BogoMIPS (lpj=13175248)
[    0.102059] pid_max: default: 32768 minimum: 301
[    0.102660] ACPI: Core revision 20150930
[    0.103804] ACPI: 2 ACPI AML tables successfully acquired and loaded
[    0.104619] Security Framework initialized
[    0.105195] Yama: becoming mindful.
[    0.105673] AppArmor: AppArmor initialized
[    0.106245] Dentry cache hash table entries: 131072 (order: 8, 1048576 bytes)
[    0.107095] Inode-cache hash table entries: 65536 (order: 7, 524288 bytes)
[    0.108752] Mount-cache hash table entries: 2048 (order: 2, 16384 bytes)
[    0.109493] Mountpoint-cache hash table entries: 2048 (order: 2, 16384 bytes)
[    0.110359] Initializing cgroup subsys io
[    0.110910] Initializing cgroup subsys memory
[    0.111457] Initializing cgroup subsys devices
[    0.112017] Initializing cgroup subsys freezer
[    0.112573] Initializing cgroup subsys net_cls
[    0.113184] Initializing cgroup subsys perf_event
[    0.113751] Initializing cgroup subsys net_prio
[    0.114519] Initializing cgroup subsys hugetlb
[    0.115073] Initializing cgroup subsys pids
[    0.122789] mce: CPU supports 0 MCE banks
[    0.123351] Last level iTLB entries: 4KB 512, 2MB 512, 4MB 256
[    0.124044] Last level dTLB entries: 4KB 2048, 2MB 2048, 4MB 1024, 1GB 0
[    0.124844] Spectre V1 : Mitigation: usercopy/swapgs barriers and __user pointer sanitization
[    0.125923] Spectre V2 : Spectre mitigation: LFENCE not serializing, switching to generic retpoline
[    0.127048] Spectre V2 : Mitigation: Full generic retpoline
[    0.127721] Spectre V2 : Spectre v2 / SpectreRSB mitigation: Filling RSB on context switch
[    0.128844] Speculative Store Bypass: Vulnerable
[    0.131332] Freeing SMP alternatives memory: 36K
[    0.136379] ftrace: allocating 32380 entries in 127 pages
[    0.176591] smpboot: APIC(0) Converting physical 0 to logical package 0
[    0.177404] smpboot: Max logical packages: 1
[    0.178206] x2apic enabled
[    0.178819] Switched APIC routing to physical x2apic.
[    0.180429] ..TIMER: vector=0x30 apic1=0 pin1=2 apic2=-1 pin2=-1
[    0.289231] APIC calibration not consistent with PM-Timer: 112ms instead of 100ms
[    0.290281] APIC delta adjusted to PM-Timer: 6427976 (7219366)
[    0.291080] smpboot: CPU0: AMD Ryzen 5 5600H with Radeon Graphics (family: 0x19, model: 0x50, stepping: 0x0)
[    0.292532] Performance Events: Broken PMU hardware detected, using software events only.
[    0.293943] Failed to access perfctr msr (MSR c0010007 is 0)
[    0.299729] KVM setup paravirtual spinlock
[    0.300878] x86: Booting SMP configuration:
[    0.301466] .... node  #0, CPUs:      #1
[    0.302062] kvm-clock: cpu 1, msr 0:3ffe3041, secondary cpu clock
[    0.302880] mce: CPU supports 0 MCE banks
[    0.305285] x86: Booted up 1 node, 2 CPUs
[    0.306001] smpboot: Total of 2 processors activated (13175.24 BogoMIPS)
[    0.307117] devtmpfs: initialized
[    0.308496] evm: security.selinux
[    0.309003] evm: security.SMACK64
[    0.309516] evm: security.SMACK64EXEC
[    0.310064] evm: security.SMACK64TRANSMUTE
[    0.310627] evm: security.SMACK64MMAP
[    0.311168] evm: security.ima
[    0.311629] evm: security.capability
[    0.313047] clocksource: jiffies: mask: 0xffffffff max_cycles: 0xffffffff, max_idle_ns: 7645041785100000 ns
[    0.314294] futex hash table entries: 512 (order: 3, 32768 bytes)
[    0.315132] pinctrl core: initialized pinctrl subsystem
[    0.315902] RTC time: 16:40:13, date: 09/21/22
[    0.316658] NET: Registered protocol family 16
[    0.327540] cpuidle: using governor ladder
[    0.340243] cpuidle: using governor menu
[    0.341045] PCCT header not found.
[    0.341856] ACPI: bus type PCI registered
[    0.342528] acpiphp: ACPI Hot Plug PCI Controller Driver version: 0.5
[    0.343513] PCI: Using configuration type 1 for base access
[    0.344325] PCI: Using configuration type 1 for extended access
[    0.359320] ACPI: Added _OSI(Module Device)
[    0.360221] ACPI: Added _OSI(Processor Device)
[    0.360947] ACPI: Added _OSI(3.0 _SCP Extensions)
[    0.361708] ACPI: Added _OSI(Processor Aggregator Device)
[    0.362965] ACPI: Executed 1 blocks of module-level executable AML code
[    0.365244] ACPI: Interpreter enabled
[    0.365928] ACPI: (supports S0 S5)
[    0.366533] ACPI: Using IOAPIC for interrupt routing
[    0.367526] PCI: Using host bridge windows from ACPI; if necessary, use "pci=nocrs" and report a bug
[    0.371197] ACPI: PCI Root Bridge [PCI0] (domain 0000 [bus 00-ff])
[    0.372145] acpi PNP0A03:00: _OSC: OS supports [ExtendedConfig ASPM ClockPM Segments MSI]
[    0.373906] acpi PNP0A03:00: _OSC: platform does not support [PCIeCapability]
[    0.374968] acpi PNP0A03:00: _OSC: not requesting control; platform does not support [PCIeCapability]
[    0.376147] acpi PNP0A03:00: _OSC: OS requested [PCIeHotplug PME AER PCIeCapability]
[    0.377195] acpi PNP0A03:00: _OSC: platform willing to grant [PCIeHotplug PME AER]
[    0.378231] acpi PNP0A03:00: _OSC failed (AE_SUPPORT); disabling ASPM
[    0.386699] PCI host bridge to bus 0000:00
[    0.387269] pci_bus 0000:00: root bus resource [io  0x0000-0x0cf7 window]
[    0.388158] pci_bus 0000:00: root bus resource [io  0x0d00-0xffff window]
[    0.389176] pci_bus 0000:00: root bus resource [mem 0x000a0000-0x000bffff window]
[    0.390226] pci_bus 0000:00: root bus resource [mem 0x40000000-0xfdffffff window]
[    0.391315] pci_bus 0000:00: root bus resource [bus 00-ff]
[    0.393257] pci 0000:00:01.1: legacy IDE quirk: reg 0x10: [io  0x01f0-0x01f7]
[    0.394114] pci 0000:00:01.1: legacy IDE quirk: reg 0x14: [io  0x03f6]
[    0.394916] pci 0000:00:01.1: legacy IDE quirk: reg 0x18: [io  0x0170-0x0177]
[    0.395766] pci 0000:00:01.1: legacy IDE quirk: reg 0x1c: [io  0x0376]
[    0.404548] pci 0000:00:07.0: quirk: [io  0x4000-0x403f] claimed by PIIX4 ACPI
[    0.405886] pci 0000:00:07.0: quirk: [io  0x4100-0x410f] claimed by PIIX4 SMB
[    0.412503] ACPI: PCI Interrupt Link [LNKA] (IRQs 5 9 10 *11)
[    0.414009] ACPI: PCI Interrupt Link [LNKB] (IRQs 5 9 *10 11)
[    0.415274] ACPI: PCI Interrupt Link [LNKC] (IRQs 5 *9 10 11)
[    0.416306] ACPI: PCI Interrupt Link [LNKD] (IRQs 5 9 10 *11)
[    0.417368] ACPI: Enabled 2 GPEs in block 00 to 07
[    0.418340] vgaarb: setting as boot device: PCI:0000:00:02.0
[    0.419286] vgaarb: device added: PCI:0000:00:02.0,decodes=io+mem,owns=io+mem,locks=none
[    0.420690] vgaarb: loaded
[    0.421286] vgaarb: bridge control possible 0000:00:02.0
[    0.422364] SCSI subsystem initialized
[    0.423178] ACPI: bus type USB registered
[    0.423934] usbcore: registered new interface driver usbfs
[    0.424847] usbcore: registered new interface driver hub
[    0.425722] usbcore: registered new device driver usb
[    0.426773] PCI: Using ACPI for IRQ routing
[    0.427760] NetLabel: Initializing
[    0.428424] NetLabel:  domain hash size = 128
[    0.429177] NetLabel:  protocols = UNLABELED CIPSOv4
[    0.430016] NetLabel:  unlabeled traffic allowed by default
[    0.431060] amd_nb: Cannot enumerate AMD northbridges
[    0.431764] clocksource: Switched to clocksource kvm-clock
[    0.437914] AppArmor: AppArmor Filesystem Enabled
[    0.438599] pnp: PnP ACPI init
[    0.439585] pnp: PnP ACPI: found 3 devices
[    0.448294] clocksource: acpi_pm: mask: 0xffffff max_cycles: 0xffffff, max_idle_ns: 2085701024 ns
[    0.449819] NET: Registered protocol family 2
[    0.450709] TCP established hash table entries: 8192 (order: 4, 65536 bytes)
[    0.451777] TCP bind hash table entries: 8192 (order: 5, 131072 bytes)
[    0.452791] TCP: Hash tables configured (established 8192 bind 8192)
[    0.453783] UDP hash table entries: 512 (order: 2, 16384 bytes)
[    0.454710] UDP-Lite hash table entries: 512 (order: 2, 16384 bytes)
[    0.455712] NET: Registered protocol family 1
[    0.456466] pci 0000:00:00.0: Limiting direct PCI/PCI transfers
[    0.457307] pci 0000:00:01.0: Activating ISA DMA hang workarounds
[    0.459068] Unpacking initramfs...
[    0.597884] Freeing initrd memory: 14888K
[    0.598585] clocksource: tsc: mask: 0xffffffffffffffff max_cycles: 0x2f7a76a4ebd, max_idle_ns: 440795230158 ns
[    0.599817] platform rtc_cmos: registered platform RTC device (no PNP device found)
[    0.600836] Scanning for low memory corruption every 60 seconds
[    0.602105] audit: initializing netlink subsys (disabled)
[    0.602787] audit: type=2000 audit(1663778417.586:1): initialized
[    0.603693] Initialise system trusted keyring
[    0.604436] HugeTLB registered 2 MB page size, pre-allocated 0 pages
[    0.605774] zbud: loaded
[    0.606388] VFS: Disk quotas dquot_6.6.0
[    0.606946] VFS: Dquot-cache hash table entries: 512 (order 0, 4096 bytes)
[    0.607873] squashfs: version 4.0 (2009/01/31) Phillip Lougher
[    0.609696] fuse init (API version 7.23)
[    0.610368] Key type big_key registered
[    0.610926] Allocating IMA MOK and blacklist keyrings.
[    0.612459] Key type asymmetric registered
[    0.613040] Asymmetric key parser 'x509' registered
[    0.613672] Block layer SCSI generic (bsg) driver version 0.4 loaded (major 249)
[    0.614705] io scheduler noop registered
[    0.615257] io scheduler deadline registered (default)
[    0.615951] io scheduler cfq registered
[    0.616557] pci_hotplug: PCI Hot Plug PCI Core version: 0.5
[    0.617232] pciehp: PCI Express Hot Plug Controller Driver version: 0.4
[    0.618114] ACPI: AC Adapter [AC] (on-line)
[    0.618709] input: Power Button as /devices/LNXSYSTM:00/LNXPWRBN:00/input/input0
[    0.619707] ACPI: Power Button [PWRF]
[    0.620282] input: Sleep Button as /devices/LNXSYSTM:00/LNXSLPBN:00/input/input1
[    0.621296] ACPI: Sleep Button [SLPF]
[    0.622259] ACPI: Battery Slot [BAT0] (battery present)
[    0.623046] GHES: HEST is not enabled!
[    0.623652] Serial: 8250/16550 driver, 32 ports, IRQ sharing enabled
[    0.644846] 00:02: ttyS0 at I/O 0x3f8 (irq = 4, base_baud = 115200) is a 16550A
[    0.647505] Linux agpgart interface v0.103
[    0.649529] loop: module loaded
[    0.650370] scsi host0: ata_piix
[    0.650942] scsi host1: ata_piix
[    0.651463] ata1: PATA max UDMA/33 cmd 0x1f0 ctl 0x3f6 bmdma 0xd000 irq 14
[    0.652290] ata2: PATA max UDMA/33 cmd 0x170 ctl 0x376 bmdma 0xd008 irq 15
[    0.653174] libphy: Fixed MDIO Bus: probed
[    0.653918] tun: Universal TUN/TAP device driver, 1.6
[    0.654543] tun: (C) 1999-2004 Max Krasnyansky <maxk@qualcomm.com>
[    0.655344] PPP generic driver version 2.4.2
[    0.655995] ehci_hcd: USB 2.0 'Enhanced' Host Controller (EHCI) Driver
[    0.656772] ehci-pci: EHCI PCI platform driver
[    0.657571] ehci-platform: EHCI generic platform driver
[    0.658262] ohci_hcd: USB 1.1 'Open' Host Controller (OHCI) Driver
[    0.659030] ohci-pci: OHCI PCI platform driver
[    0.659616] ohci-platform: OHCI generic platform driver
[    0.660295] uhci_hcd: USB Universal Host Controller Interface driver
[    0.661093] i8042: PNP: PS/2 Controller [PNP0303:PS2K,PNP0f03:PS2M] at 0x60,0x64 irq 1,12
[    0.662542] serio: i8042 KBD port at 0x60,0x64 irq 1
[    0.663201] serio: i8042 AUX port at 0x60,0x64 irq 12
[    0.664080] mousedev: PS/2 mouse device common for all mice
[    0.665440] rtc_cmos rtc_cmos: rtc core: registered rtc_cmos as rtc0
[    0.666262] rtc_cmos rtc_cmos: alarms up to one day, 114 bytes nvram
[    0.667023] i2c /dev entries driver
[    0.667558] device-mapper: uevent: version 1.0.3
[    0.668299] device-mapper: ioctl: 4.34.0-ioctl (2015-10-28) initialised: dm-devel@redhat.com
[    0.669441] ledtrig-cpu: registered to indicate activity on CPUs
[    0.670222] input: AT Translated Set 2 keyboard as /devices/platform/i8042/serio0/input/input2
[    0.671904] NET: Registered protocol family 10
[    0.672732] NET: Registered protocol family 17
[    0.673331] Key type dns_resolver registered
[    0.674217] registered taskstats version 1
[    0.674789] Loading compiled-in X.509 certificates
[    0.675746] Loaded X.509 cert 'Build time autogenerated kernel key: cf00e047681d67edb2720680708b7d9498083038'
[    0.677004] zswap: loaded using pool lzo/zbud
[    0.678738] Key type trusted registered
[    0.681377] Key type encrypted registered
[    0.681927] AppArmor: AppArmor sha1 policy hashing enabled
[    0.682618] ima: No TPM chip found, activating TPM-bypass!
[    0.683343] ima: Allocated hash algorithm: sha1
[    0.684068] evm: HMAC attrs: 0x1
[    0.684940]   Magic number: 6:427:692
[    0.685495] rtc_cmos rtc_cmos: setting system clock to 2022-09-21 16:40:13 UTC (1663778413)
[    0.686620] BIOS EDD facility v0.16 2004-Jun-25, 0 devices found
[    0.687313] EDD information not available.
[    0.831915] Freeing unused kernel memory: 1492K
[    0.832606] Write protecting the kernel read-only data: 14336k
[    0.833642] Freeing unused kernel memory: 1584K
[    0.834335] Freeing unused kernel memory: 52K
Loading, please wait...
starting version 229
[    0.842893] random: systemd-udevd: uninitialized urandom read (16 bytes read, 2 bits of entropy available)
[    0.843270] random: udevadm: uninitialized urandom read (16 bytes read, 2 bits of entropy available)
[    0.843284] random: udevadm: uninitialized urandom read (16 bytes read, 2 bits of entropy available)
[    0.847948] random: systemd-udevd: uninitialized urandom read (16 bytes read, 2 bits of entropy available)
[    0.849506] random: systemd-udevd: uninitialized urandom read (16 bytes read, 2 bits of entropy available)
[    0.850246] random: udevadm: uninitialized urandom read (16 bytes read, 2 bits of entropy available)
[    0.850272] random: udevadm: uninitialized urandom read (16 bytes read, 2 bits of entropy available)
[    0.850348] random: udevadm: uninitialized urandom read (16 bytes read, 2 bits of entropy available)
[    0.850376] random: udevadm: uninitialized urandom read (16 bytes read, 2 bits of entropy available)
[    0.850402] random: udevadm: uninitialized urandom read (16 bytes read, 2 bits of entropy available)
[    0.882998] e1000: Intel(R) PRO/1000 Network Driver - version 7.3.21-k8-NAPI
[    0.883883] e1000: Copyright (c) 1999-2006 Intel Corporation.
[    0.887121] Fusion MPT base driver 3.04.20
[    0.887674] Copyright (c) 1999-2008 LSI Corporation
[    0.893648] Fusion MPT SPI Host driver 3.04.20
[    0.902876] AVX2 version of gcm_enc/dec engaged.
[    0.903738] AES CTR mode by8 optimization enabled
[    1.177349] input: ImExPS/2 Generic Explorer Mouse as /devices/platform/i8042/serio1/input/input4
[    1.198920] e1000 0000:00:03.0 eth0: (PCI:33MHz:32-bit) 02:be:82:6b:cc:1d
[    1.199736] e1000 0000:00:03.0 eth0: Intel(R) PRO/1000 Network Connection
[    1.200973] mptbase: ioc0: Initiating bringup
[    1.796040] ioc0: LSI53C1030 A0: Capabilities={Initiator}
[    3.838724] scsi host2: ioc0: LSI53C1030 A0, FwRev=00000000h, Ports=1, MaxQ=256, IRQ=20
[    3.952884] scsi 2:0:0:0: Direct-Access     VBOX     HARDDISK         1.0  PQ: 0 ANSI: 5
[    3.963786] scsi target2:0:0: Beginning Domain Validation
[    3.965783] scsi target2:0:0: Domain Validation skipping write tests
[    3.966647] scsi target2:0:0: Ending Domain Validation
[    3.967477] scsi target2:0:0: asynchronous
[    3.968504] scsi 2:0:1:0: Direct-Access     VBOX     HARDDISK         1.0  PQ: 0 ANSI: 5
[    3.969728] scsi target2:0:1: Beginning Domain Validation
[    3.971031] scsi target2:0:1: Domain Validation skipping write tests
[    3.971924] scsi target2:0:1: Ending Domain Validation
[    3.972623] scsi target2:0:1: asynchronous
[    3.977300] sd 2:0:0:0: Attached scsi generic sg0 type 0
[    3.977471] sd 2:0:0:0: [sda] 83886080 512-byte logical blocks: (42.9 GB/40.0 GiB)
[    3.977572] sd 2:0:0:0: [sda] Write Protect is off
[    3.977641] sd 2:0:0:0: [sda] Incomplete mode parameter data
[    3.977642] sd 2:0:0:0: [sda] Assuming drive cache: write through
[    3.984284] sd 2:0:1:0: [sdb] 20480 512-byte logical blocks: (10.5 MB/10.0 MiB)
[    3.985694] sd 2:0:1:0: [sdb] Write Protect is off
[    3.986534] sd 2:0:1:0: [sdb] Incomplete mode parameter data
[    3.987419] sd 2:0:1:0: [sdb] Assuming drive cache: write through
[    3.988600]  sda: sda1
[    3.989044] sd 2:0:1:0: Attached scsi generic sg1 type 0
[    3.990364] sd 2:0:0:0: [sda] Attached SCSI disk
[    3.993685] sd 2:0:1:0: [sdb] Attached SCSI disk
[    4.320671] e1000 0000:00:08.0 eth1: (PCI:33MHz:32-bit) 08:00:27:8f:65:6c
[    4.321773] e1000 0000:00:08.0 eth1: Intel(R) PRO/1000 Network Connection
[    4.323543] e1000 0000:00:03.0 enp0s3: renamed from eth0
[    4.340557] e1000 0000:00:08.0 enp0s8: renamed from eth1
Begin: Loading essential drivers ... [    5.633033] md: linear personality registered for level -1
[    5.635009] md: multipath personality registered for level -4
[    5.637009] md: raid0 personality registered for level 0
[    5.639571] md: raid1 personality registered for level 1
[    5.707919] raid6: sse2x1   gen()  8029 MB/s
[    5.777540] raid6: sse2x1   xor() 13060 MB/s
[    5.844969] raid6: sse2x2   gen() 14630 MB/s
[    5.912389] raid6: sse2x2   xor() 14472 MB/s
[    5.979907] raid6: sse2x4   gen() 19702 MB/s
[    6.049188] raid6: sse2x4   xor() 12252 MB/s
[    6.116618] raid6: avx2x1   gen() 18163 MB/s
[    6.185016] raid6: avx2x2   gen() 33155 MB/s
[    6.252431] raid6: avx2x4   gen() 36328 MB/s
[    6.253040] raid6: using algorithm avx2x4 gen() 36328 MB/s
[    6.253743] raid6: using avx2x2 recovery algorithm
[    6.255280] xor: automatically using best checksumming function:
[    6.291772]    avx       : 25515.000 MB/sec
[    6.293002] async_tx: api initialized (async)
[    6.298987] md: raid6 personality registered for level 6
[    6.299682] md: raid5 personality registered for level 5
[    6.300426] md: raid4 personality registered for level 4
[    6.304914] md: raid10 personality registered for level 10
done.
Begin: Running /scripts/init-premount ... done.
Begin: Mounting root file system ... Begin: Running /scripts/local-top ... done.
Begin: Running /scripts/local-premount ... [    6.323505] Btrfs loaded
Scanning for Btrfs filesystems
done.
Warning: fsck not present, so skipping root file system
[    6.350630] EXT4-fs (sda1): mounted filesystem with ordered data mode. Opts: (null)
done.
Begin: Running /scripts/local-bottom ... done.
Begin: Running /scripts/init-bottom ... done.
[    6.408684] systemd[1]: systemd 229 running in system mode. (+PAM +AUDIT +SELINUX +IMA +APPARMOR +SMACK +SYSVINIT +UTMP +LIBCRYPTSETUP +GCRYPT +GNUTLS +ACL +XZ -LZ4 +SECCOMP +BLKID +ELFUTILS +KMOD -IDN)
[    6.410846] systemd[1]: Detected virtualization oracle.
[    6.411528] systemd[1]: Detected architecture x86-64.

Welcome to [1mUbuntu 16.04.7 LTS[0m!

[    6.413831] systemd[1]: Set hostname to <ubuntu>.
[    6.415711] systemd[1]: Initializing machine ID from random generator.
[    6.416699] systemd[1]: Installed transient /etc/machine-id file.
[    6.504972] systemd[1]: Started Trigger resolvconf update for networkd DNS.
[[0;32m  OK  [0m] Started Trigger resolvconf update for networkd DNS.
[    6.506515] systemd[1]: Listening on LVM2 metadata daemon socket.
[[0;32m  OK  [0m] Listening on LVM2 metadata daemon socket.
[    6.507797] systemd[1]: Reached target User and Group Name Lookups.
[[0;32m  OK  [0m] Reached target User and Group Name Lookups.
[    6.509119] systemd[1]: Listening on udev Control Socket.
[[0;32m  OK  [0m] Listening on udev Control Socket.
[    6.510355] systemd[1]: Listening on LVM2 poll daemon socket.
[[0;32m  OK  [0m] Listening on LVM2 poll daemon socket.
[    6.511676] systemd[1]: Reached target System Time Synchronized.
[[0;32m  OK  [0m] Reached target System Time Synchronized.
[    6.513559] systemd[1]: Listening on Device-mapper event daemon FIFOs.
[[0;32m  OK  [0m] Listening on Device-mapper event daemon FIFOs.
[    6.515478] systemd[1]: Listening on Journal Socket (/dev/log).
[[0;32m  OK  [0m] Listening on Journal Socket (/dev/log).
[    6.517287] systemd[1]: Listening on udev Kernel Socket.
[[0;32m  OK  [0m] Listening on udev Kernel Socket.
[    6.518981] systemd[1]: Listening on /dev/initctl Compatibility Named Pipe.
[[0;32m  OK  [0m] Listening on /dev/initctl Compatibility Named Pipe.
[    6.521026] systemd[1]: Listening on Journal Audit Socket.
[[0;32m  OK  [0m] Listening on Journal Audit Socket.
[    6.522842] systemd[1]: Listening on Journal Socket.
[[0;32m  OK  [0m] Listening on Journal Socket.
[    6.524377] systemd[1]: Set up automount Arbitrary Executable File Formats File System Automount Point.
[[0;32m  OK  [0m] Set up automount Arbitrary Executab...ats File System Automount Point.
[    6.526563] systemd[1]: Reached target Encrypted Volumes.
[[0;32m  OK  [0m] Reached target Encrypted Volumes.
[    6.527988] systemd[1]: Created slice User and Session Slice.
[[0;32m  OK  [0m] Created slice User and Session Slice.
[    6.529313] systemd[1]: Started Forward Password Requests to Wall Directory Watch.
[[0;32m  OK  [0m] Started Forward Password Requests to Wall Directory Watch.
[    6.531199] systemd[1]: Created slice System Slice.
[[0;32m  OK  [0m] Created slice System Slice.
[    6.548327] systemd[1]: Starting Create list of required static device nodes for the current kernel...
         Starting Create list of required st... nodes for the current kernel...
[    6.552269] systemd[1]: Mounting Huge Pages File System...
         Mounting Huge Pages File System...
[    6.560302] systemd[1]: Created slice system-serial\x2dgetty.slice.
[[0;32m  OK  [0m] Created slice system-serial\x2dgetty.slice.
[    6.562441] systemd[1]: Starting Set console keymap...
         Starting Set console keymap...
[    6.564369] systemd[1]: Starting Monitoring of LVM2 mirrors, snapshots etc. using dmeventd or progress polling...
         Starting Monitoring of LVM2 mirrors... dmeventd or progress polling...
[    6.567168] systemd[1]: Mounting POSIX Message Queue File System...
         Mounting POSIX Message Queue File System...
[    6.569129] systemd[1]: Starting Uncomplicated firewall...
         Starting Uncomplicated firewall...
[    6.571894] systemd[1]: Mounting Debug File System...
         Mounting Debug File System...
[    6.574187] systemd[1]: Starting Nameserver information manager...
         Starting Nameserver information manager...
[    6.575739] systemd[1]: Listening on Syslog Socket.
[[0;32m  OK  [0m] Listening on Syslog Socket.
[    6.577307] systemd[1]: Listening on fsck to fsckd communication Socket.
[[0;32m  OK  [0m] Listening on fsck to fsckd communication Socket.
[    6.580806] systemd[1]: Starting File System Check on Root Device...
         Starting File System Check on Root Device...
[    6.583239] systemd[1]: Reached target Slices.
[[0;32m  OK  [0m] Reached target Slices.
[    6.587541] systemd[1]: Starting Load Kernel Modules...
         Starting Load Kernel Modules...
[    6.589072] systemd[1]: Reached target Swap.
[[0;32m  OK  [0m] Reached target Swap.
[    6.592561] systemd[1]: Starting Journal Service...
         Starting Journal Service...
[    6.594006] Loading iSCSI transport class v2.0-870.
[    6.595435] systemd[1]: Mounted Huge Pages File System.
[[0;32m  OK  [0m] Mounted Huge Pages File System.
[    6.596974] systemd[1]: Mounted POSIX Message Queue File System.
[[0;32m  OK  [0m] Mounted POSIX Message Queue File System.
[    6.598724] systemd[1]: Mounted Debug File System.
[[0;32m  OK  [0m] Mounted Debug File System.
[    6.600495] systemd[1]: Started Create list of required static device nodes for the current kernel.
[    6.601903] iscsi: registered transport (tcp)
[[0;32m  OK  [0m] Started Create list of required sta...ce nodes for the current kernel.
[    6.605838] systemd[1]: Started Uncomplicated firewall.
[[0;32m  OK  [0m] Started Uncomplicated firewall.
[    6.609084] systemd[1]: Started File System Check Daemon to report status.
[[0;32m  OK  [0m] Started File System Check Daemon to report status.
[    6.613048] systemd[1]: Starting Create Static Device Nodes in /dev...
         Starting Create Static Device Nodes in /dev...
[    6.617605] systemd[1]: Started Nameserver information manager.
[[0;32m  OK  [0m] Started Nameserver information manager.
[    6.630504] systemd[1]: Started LVM2 metadata daemon.
[[0;32m  OK  [0m] Started LVM2 metadata daemon.
[    6.636882] systemd[1]: Started Create Static Device Nodes in /dev.
[[0;32m  OK  [0m] Started Create Static Device Nodes in /dev.
[    6.638739] systemd[1]: Starting udev Kernel Device Manager...
         Starting udev Kernel Device Manager...
[    6.641319] systemd[1]: Started File System Check on Root Device.
[[0;32m  OK  [0m] Started File System Check on Root Device.
[    6.644603] systemd[1]: Starting Remount Root and Kernel File Systems...
         Starting Remount Root and Kernel File Systems...
[    6.648072] EXT4-fs (sda1): re-mounted. Opts: (null)
[    6.650830] systemd[1]: Started Set console keymap.
[[0;32m  OK  [0m] Started Set console keymap.
[    6.657654] systemd[1]: Started Remount Root and Kernel File Systems.
[[0;32m  OK  [0m] Started Remount Root and Kernel File Systems.
[    6.659696] systemd[1]: Starting Load/Save Random Seed...
         Starting Load/Save Random Seed...
[    6.662262] systemd[1]: Starting udev Coldplug all Devices...
         Starting udev Coldplug all Devices...
[    6.669270] systemd[1]: Started Load/Save Random Seed.
[[0;32m  OK  [0m] Started Load/Save Random Seed.
[    6.672581] systemd[1]: Started Journal Service.
[[0;32m  OK  [0m] Started Journal Service.
         Starting Flush Journal to Persistent Storage...
[    6.679309] systemd-journald[410]: Received request to flush runtime journal from PID 1
[    6.680758] iscsi: registered transport (iser)
[[0;32m  OK  [0m] Started Flush Journal to Persistent Storage.
[[0;32m  OK  [0m] Started Load Kernel Modules.
[[0;32m  OK  [0m] Started udev Kernel Device Manager.
         Mounting FUSE Control File System...
         Starting Apply Kernel Variables...
[[0;32m  OK  [0m] Mounted FUSE Control File System.
[[0;32m  OK  [0m] Started udev Coldplug all Devices.
[[0;32m  OK  [0m] Started Dispatch Password Requests to Console Directory Watch.
[[0;32m  OK  [0m] Started Apply Kernel Variables.
[[0;32m  OK  [0m] Found device /dev/ttyS0.
[[0;32m  OK  [0m] Listening on Load/Save RF Kill Switch Status /dev/rfkill Watch.
[[0;32m  OK  [0m] Started Monitoring of LVM2 mirrors,...ng dmeventd or progress polling.
[[0;32m  OK  [0m] Reached target Local File Systems (Pre).
[[0;32m  OK  [0m] Reached target Local File Systems.
         Starting Initial cloud-init job (pre-networking)...
         Starting Set console font and keymap...
         Starting LSB: AppArmor initialization...
         Starting Tell Plymouth To Write Out Runtime Data...
         Starting Create Volatile Files and Directories...
         Starting Commit a transient machine-id on disk...
[[0;32m  OK  [0m] Started Tell Plymouth To Write Out Runtime Data.
[[0;32m  OK  [0m] Started Create Volatile Files and Directories.
         Starting Update UTMP about System Boot/Shutdown...
[[0;32m  OK  [0m] Started Commit a transient machine-id on disk.
[[0;32m  OK  [0m] Started Update UTMP about System Boot/Shutdown.
[[0;32m  OK  [0m] Started Set console font and keymap.
[[0;32m  OK  [0m] Created slice system-getty.slice.
[    7.809611] cloud-init[624]: Cloud-init v. 21.1-19-gbad84ad4-0ubuntu1~16.04.2 running 'init-local' at Wed, 21 Sep 2022 16:40:20 +0000. Up 7.48 seconds.
[[0;32m  OK  [0m] Started Initial cloud-init job (pre-networking).
[[0;32m  OK  [0m] Reached target Network (Pre).
[[0;32m  OK  [0m] Started LSB: AppArmor initialization.
         Starting Raise network interfaces...
         Starting Load AppArmor profiles managed internally by snapd...
[[0;32m  OK  [0m] Started Load AppArmor profiles managed internally by snapd.
[[0;32m  OK  [0m] Started Raise network interfaces.
[[0;32m  OK  [0m] Reached target Network.
         Starting Initial cloud-init job (metadata service crawler)...
[    8.958221] cloud-init[970]: Cloud-init v. 21.1-19-gbad84ad4-0ubuntu1~16.04.2 running 'init' at Wed, 21 Sep 2022 16:40:21 +0000. Up 8.60 seconds.
[    8.959545] cloud-init[970]: ci-info: ++++++++++++++++++++++++++++++++++++++Net device info+++++++++++++++++++++++++++++++++++++++
[    8.960912] cloud-init[970]: ci-info: +--------+-------+----------------------------+---------------+--------+-------------------+
[    8.962175] cloud-init[970]: ci-info: | Device |   Up  |          Address           |      Mask     | Scope  |     Hw-Address    |
[    8.963228] cloud-init[970]: ci-info: +--------+-------+----------------------------+---------------+--------+-------------------+
[    8.964295] cloud-init[970]: ci-info: | enp0s3 |  True |         10.0.2.15          | 255.255.255.0 | global | 02:be:82:6b:cc:1d |
[    8.965505] cloud-init[970]: ci-info: | enp0s3 |  True | fe80::be:82ff:fe6b:cc1d/64 |       .       |  link  | 02:be:82:6b:cc:1d |
[    8.966749] cloud-init[970]: ci-info: | enp0s8 | False |             .              |       .       |   .    | 08:00:27:8f:65:6c |
[    8.967983] cloud-init[970]: ci-info: |   lo   |  True |         127.0.0.1          |   255.0.0.0   |  host  |         .         |
[    8.969232] cloud-init[970]: ci-info: |   lo   |  True |          ::1/128           |       .       |  host  |         .         |
[    8.970574] cloud-init[970]: ci-info: +--------+-------+----------------------------+---------------+--------+-------------------+
[    8.971584] cloud-init[970]: ci-info: +++++++++++++++++++++++++++Route IPv4 info++++++++++++++++++++++++++++
[    8.972266] cloud-init[970]: ci-info: +-------+-------------+----------+---------------+-----------+-------+
[    8.972965] cloud-init[970]: ci-info: | Route | Destination | Gateway  |    Genmask    | Interface | Flags |
[    8.973662] cloud-init[970]: ci-info: +-------+-------------+----------+---------------+-----------+-------+
[    8.974505] cloud-init[970]: ci-info: |   0   |   0.0.0.0   | 10.0.2.2 |    0.0.0.0    |   enp0s3  |   UG  |
[    8.975356] cloud-init[970]: ci-info: |   1   |   10.0.2.0  | 0.0.0.0  | 255.255.255.0 |   enp0s3  |   U   |
[    8.976166] cloud-init[970]: ci-info: +-------+-------------+----------+---------------+-----------+-------+
[    8.976941] cloud-init[970]: ci-info: +++++++++++++++++++Route IPv6 info+++++++++++++++++++
[    8.977689] cloud-init[970]: ci-info: +-------+-------------+---------+-----------+-------+
[    8.978487] cloud-init[970]: ci-info: | Route | Destination | Gateway | Interface | Flags |
[    8.979194] cloud-init[970]: ci-info: +-------+-------------+---------+-----------+-------+
[    8.979843] cloud-init[970]: ci-info: |   0   |  fe80::/64  |    ::   |   enp0s3  |   U   |
[    8.980474] cloud-init[970]: ci-info: |   3   |   ff00::/8  |    ::   |   enp0s3  |   U   |
[    8.981221] cloud-init[970]: ci-info: +-------+-------------+---------+-----------+-------+
[    8.981923] cloud-init[970]: Generating public/private rsa key pair.
[    8.982599] cloud-init[970]: Your identification has been saved in /etc/ssh/ssh_host_rsa_key.
[    8.983388] cloud-init[970]: Your public key has been saved in /etc/ssh/ssh_host_rsa_key.pub.
[    8.984124] cloud-init[970]: The key fingerprint is:
[    8.984772] cloud-init[970]: SHA256:tBtaf+STxamG8wyb+LbZhCjBIk+qCeKUt/G8Azf1Rmw root@ubuntu-xenial
[    8.985548] cloud-init[970]: The key's randomart image is:
[    8.986225] cloud-init[970]: +---[RSA 2048]----+
[    8.986779] cloud-init[970]: |                 |
[    8.987288] cloud-init[970]: |                 |
[    8.987837] cloud-init[970]: |        o        |
[    8.988378] cloud-init[970]: |     . o E   . . |
[    8.988963] cloud-init[970]: |  . o + S   . +  |
[    8.989543] cloud-init[970]: |  .* + + B = +   |
[    8.990066] cloud-init[970]: |oo.o+ + + * O    |
[    8.990633] cloud-init[970]: |=o. =. . ..& .   |
[    8.991191] cloud-init[970]: |o. . +o .o*.+    |
[    8.991778] cloud-init[970]: +----[SHA256]-----+
[    8.992280] cloud-init[970]: Generating public/private dsa key pair.
[    8.992884] cloud-init[970]: Your identification has been saved in /etc/ssh/ssh_host_dsa_key.
[    8.993660] cloud-init[970]: Your public key has been saved in /etc/ssh/ssh_host_dsa_key.pub.
[    8.994437] cloud-init[970]: The key fingerprint is:
[    8.995043] cloud-init[970]: SHA256:YkKN44FSuB0VOtMD51iRccsIf+QmLBsMb3pYjgHJ5ts root@ubuntu-xenial
[    8.995856] cloud-init[970]: The key's randomart image is:
[    8.996462] cloud-init[970]: +---[DSA 1024]----+
[    8.997000] cloud-init[970]: |+o+.B=o          |
[    8.997572] cloud-init[970]: |+B.&.O .         |
[    8.998157] cloud-init[970]: |=o&.& B          |
[    8.998736] cloud-init[970]: |.@.O B           |
[    8.999323] cloud-init[970]: |+ * o o S        |
[    8.999844] cloud-init[970]: | o E o .         |
[    9.001178] cloud-init[970]: |                 |
[    9.001332] cloud-init[970]: |                 |
[    9.001517] cloud-init[970]: |                 |
[    9.001704] cloud-init[970]: +----[SHA256]-----+
[    9.001892] cloud-init[970]: Generating public/private ecdsa key pair.
[    9.002082] cloud-init[970]: Your identification has been saved in /etc/ssh/ssh_host_ecdsa_key.
[    9.002284] cloud-init[970]: Your public key has been saved in /etc/ssh/ssh_host_ecdsa_key.pub.
[[0;32m  OK  [0m] Started Initial cloud-init job (metadata service crawler).
[    9.002375] cloud-init[970]: The key fingerprint is:
[    9.016248] [[0;32m  OK  [0m] Reached target Network is Online.
cloud-init[970]: SHA256:x0FT8RraWPzNly1KBGX46gojZYAR/V2fboUMEbRGddI root@ubuntu-xenial
[    9.017789] cloud-init[970]: The key's randomart image is:
[    9.018451] cloud-init[970]: +---[ECDSA 256]---+
[    9.019116] cloud-init[970]: |  oo     .OBBo.  |
[    9.019698] cloud-init[970]: |   o.    o+* +E  |
[    9.020394] cloud-init[970]: |  . .. . .+==o.  |
[    9.021027] cloud-init[970]: |     .. .o B*+.oo|
[    9.021653] cloud-init[970]: |      o S =o+.o.=|
[    9.022214] cloud-init[970]: |     o   ...o. ..|
[    9.022697] cloud-init[970]: |    . o  . ..    |
[    9.023188] cloud-init[970]: |     . o  .      |
[    9.023664] cloud-init[970]: |        ..       |
[    9.024208] cloud-init[970]: +----[SHA256]-----+
[    9.024677] cloud-init[970]: Generating public/private ed25519 key pair.
[    9.025263] cloud-init[970]: Your identification has been saved in /etc/ssh/ssh_host_ed25519_key.
[    9.025905] cloud-init[970]: Your public key has been saved in /etc/ssh/ssh_host_ed25519_key.pub.
[    9.026564] cloud-init[970]: The key fingerprint is:
[    9.027078] cloud-init[970]: SHA256:f5Z23BSzdXlp9mksIcO2uWBTLPGGFsY2ZQn1D5ULvlw root@ubuntu-xenial
[    9.027726] cloud-init[970]: The key's randomart image is:
[    9.028253] cloud-init[970]: +--[ED25519 256]--+
[    9.028775] cloud-init[970]: |        .=++.  ..|
[    9.029319] cloud-init[970]: |        .+O.....o|
[    9.036142] cloud-init[970]: |        .+.X.+.B=|
[    9.036273] cloud-init[970]: |        . = =.BEX|
[    9.036444] cloud-init[970]: |        S+ o..o*o|
[    9.036630] cloud-init[970]: |        ..o .=oo |
[    9.036810] cloud-init[970]: |          ..= o .|
[    9.036988] cloud-init[970]: |           + .   |
[    9.037169] cloud-init[970]: |                 |
[    9.037265] cloud-init[970]: +----[SHA256]-----+
         Starting iSCSI initiator daemon (iscsid)...
[[0;32m  OK  [0m] Reached target System Initialization.
         Starting Socket activation for snappy daemon.
[[0;32m  OK  [0m] Listening on UUID daemon activation socket.
[[0;32m  OK  [0m] Started Message of the Day.
[[0;32m  OK  [0m] Started Daily apt download activities.
[[0;32m  OK  [0m] Listening on ACPID Listen Socket.
[[0;32m  OK  [0m] Started Daily Cleanup of Temporary Directories.
[[0;32m  OK  [0m] Started Ubuntu Advantage update messaging.
[[0;32m  OK  [0m] Started ACPI Events Check.
[[0;32m  OK  [0m] Reached target Paths.
[[0;32m  OK  [0m] Started Daily apt upgrade and clean activities.
[[0;32m  OK  [0m] Reached target Timers.
[[0;32m  OK  [0m] Listening on D-Bus System Message Bus Socket.
         Starting LXD - unix socket.
[[0;32m  OK  [0m] Reached target Cloud-config availability.
[[0;32m  OK  [0m] Listening on Socket activation for snappy daemon.
[[0;32m  OK  [0m] Listening on LXD - unix socket.
[[0;32m  OK  [0m] Reached target Sockets.
[[0;32m  OK  [0m] Reached target Basic System.
[[0;32m  OK  [0m] Started D-Bus System Message Bus.
         Starting System Logging Service...
         Starting LXD - container startup/shutdown...
         Starting Login Service...
[[0;32m  OK  [0m] Started Deferred execution scheduler.
         Starting Accounts Service...
         Starting /etc/rc.local Compatibility...
         Starting Pollinate to seed the pseudo random number generator...
[[0;32m  OK  [0m] Started Regular background program processing daemon.
         Starting LSB: Record successful boot for GRUB...
[[0;32m  OK  [0m] Started FUSE filesystem for LXC.
[[0;32m  OK  [0m] Started ACPI event daemon.
         Starting Virtualbox guest utils...
         Starting LSB: MD monitoring daemon...
         Starting Snap Daemon...
[[0;32m  OK  [0m] Started iSCSI initiator daemon (iscsid).
[[0;32m  OK  [0m] Started /etc/rc.local Compatibility.
[[0;32m  OK  [0m] Started System Logging Service.
         Starting Login to default iSCSI targets...
[[0;32m  OK  [0m] Started Login Service.
[[0;32m  OK  [0m] Started Unattended Upgrades Shutdown.
[[0;32m  OK  [0m] Started LSB: Record successful boot for GRUB.
[[0;32m  OK  [0m] Started Login to default iSCSI targets.
[[0;32m  OK  [0m] Reached target Remote File Systems (Pre).
[[0;32m  OK  [0m] Reached target Remote File Systems.
         Starting LSB: Set the CPU Frequency Scaling governor to "ondemand"...
         Starting Permit User Sessions...
         Starting LSB: daemon to balance interrupts for SMP systems...
         Starting LSB: automatic crash report generation...
[[0;32m  OK  [0m] Started LSB: MD monitoring daemon.
[[0;32m  OK  [0m] Started Permit User Sessions.
         Starting Hold until boot process finishes up...
         Starting Terminate Plymouth Boot Screen...
[[0;32m  OK  [0m] Started Hold until boot process finishes up.
[[0;32m  OK  [0m] Started Serial Getty on ttyS0.
[[0;32m  OK  [0m] Started Getty on tty1.
[[0;32m  OK  [0m] Reached target Login Prompts.
         Starting Set console scheme...
[[0;32m  OK  [0m] Started Terminate Plymouth Boot Screen.
[[0;32m  OK  [0m] Started LSB: Set the CPU Frequency Scaling governor to "ondemand".
[[0;32m  OK  [0m] Started Set console scheme.
[[0;32m  OK  [0m] Started LSB: daemon to balance interrupts for SMP systems.
[[0;32m  OK  [0m] Started LSB: automatic crash report generation.
         Starting Authenticate and Authorize Users to Run Privileged Tasks...
[[0;32m  OK  [0m] Started LXD - container startup/shutdown.
[[0;32m  OK  [0m] Started Virtualbox guest utils.
[[0;32m  OK  [0m] Started Authenticate and Authorize Users to Run Privileged Tasks.
[[0;32m  OK  [0m] Started Accounts Service.
[[0;32m  OK  [0m] Started Snap Daemon.
         Starting Wait until snapd is fully seeded...
[[0;32m  OK  [0m] Started Pollinate to seed the pseudo random number generator.
         Starting OpenBSD Secure Shell server...
[[0;32m  OK  [0m] Started OpenBSD Secure Shell server.
[[0;32m  OK  [0m] Started Wait until snapd is fully seeded.
         Starting Apply the settings specified in cloud-config...
[[0;32m  OK  [0m] Reached target Multi-User System.
[[0;32m  OK  [0m] Reached target Graphical Interface.
         Starting Update UTMP about System Runlevel Changes...
[[0;32m  OK  [0m] Started Update UTMP about System Runlevel Changes.
[   12.062821] cloud-init[1309]: Generating locales (this might take a while)...
[[0;32m  OK  [0m] Created slice User Slice of vagrant.
         Starting User Manager for UID 1000...
[[0;32m  OK  [0m] Started Session 1 of user vagrant.
[[0;32m  OK  [0m] Started User Manager for UID 1000.
[   12.750573] cloud-init[1309]:   en_US.UTF-8... done
[   12.756542] cloud-init[1309]: Generation complete.
[   13.038498] cloud-init[1309]: Cloud-init v. 21.1-19-gbad84ad4-0ubuntu1~16.04.2 running 'modules:config' at Wed, 21 Sep 2022 16:40:24 +0000. Up 11.98 seconds.
[[0;32m  OK  [0m] Started Apply the settings specified in cloud-config.
         Starting Execute cloud user/final scripts...
ci-info: no authorized SSH keys fingerprints found for user ubuntu.
<14>Sep 21 16:40:26 ec2: 
<14>Sep 21 16:40:26 ec2: #############################################################
<14>Sep 21 16:40:26 ec2: -----BEGIN SSH HOST KEY FINGERPRINTS-----
<14>Sep 21 16:40:26 ec2: 1024 SHA256:YkKN44FSuB0VOtMD51iRccsIf+QmLBsMb3pYjgHJ5ts root@ubuntu-xenial (DSA)
<14>Sep 21 16:40:26 ec2: 256 SHA256:x0FT8RraWPzNly1KBGX46gojZYAR/V2fboUMEbRGddI root@ubuntu-xenial (ECDSA)
<14>Sep 21 16:40:26 ec2: 256 SHA256:f5Z23BSzdXlp9mksIcO2uWBTLPGGFsY2ZQn1D5ULvlw root@ubuntu-xenial (ED25519)
<14>Sep 21 16:40:26 ec2: 2048 SHA256:tBtaf+STxamG8wyb+LbZhCjBIk+qCeKUt/G8Azf1Rmw root@ubuntu-xenial (RSA)
<14>Sep 21 16:40:26 ec2: -----END SSH HOST KEY FINGERPRINTS-----
<14>Sep 21 16:40:26 ec2: #############################################################
-----BEGIN SSH HOST KEY KEYS-----
ecdsa-sha2-nistp256 AAAAE2VjZHNhLXNoYTItbmlzdHAyNTYAAAAIbmlzdHAyNTYAAABBBBpk5ozx1dQkGfoyizqfkHiCXwwssB3zbE4DAQotxTsrPQ8GN+3zkAeOiXb3KO5G9d9ZdD6afYOkSUsSoelzH2s= root@ubuntu-xenial
ssh-ed25519 AAAAC3NzaC1lZDI1NTE5AAAAIAkiCd1yn6l/3JGC9f6raenErqMSIp+8nJ0GCudNEIwi root@ubuntu-xenial
ssh-rsa AAAAB3NzaC1yc2EAAAADAQABAAABAQC3xtGffoFte8hNVH5Du8i0XyBJNM51mPJoP7zyafOQO9Qf5pYJz/HRrD6qxCkKWF5ZkiinHbEwcBITF+BHdusLSNxccVGXiAAcsBiUUd94hQrV8UNn/U0cF8IqAdSplEbzaaX2O//FLzwP0+ZrdM5iuA5p46nfY9Io5q9hgQ5uLqPQ8WB3aixWd+rVgpeNx739poPZZ6whkUPagLUfYB5rKThO8jvjW3LNhwNsXK9rycPAkQ/+jGxVB+sDZArv6WgQneas3mj4eJ2pH74uEX46aDwjmiCMRXmnkiBE2AqPZ97r/GBBihH7Znv95KirlWyxraECI6LnPw+f7wf+m+fz root@ubuntu-xenial
-----END SSH HOST KEY KEYS-----
[   13.504106] cloud-init[1457]: Cloud-init v. 21.1-19-gbad84ad4-0ubuntu1~16.04.2 running 'modules:final' at Wed, 21 Sep 2022 16:40:26 +0000. Up 13.37 seconds.
[   13.505608] cloud-init[1457]: ci-info: no authorized SSH keys fingerprints found for user ubuntu.
[   13.506770] cloud-init[1457]: Cloud-init v. 21.1-19-gbad84ad4-0ubuntu1~16.04.2 finished at Wed, 21 Sep 2022 16:40:26 +0000. Datasource DataSourceNoCloud [seed=/dev/sdb][dsmode=net].  Up 13.49 seconds
[[0;32m  OK  [0m] Started Execute cloud user/final scripts.
[[0;32m  OK  [0m] Reached target Cloud-init target.

Ubuntu 16.04.7 LTS ubuntu-xenial ttyS0

ubuntu-xenial login:          Stopping ACPI event daemon...
[[0;32m  OK  [0m] Stopped target Cloud-init target.
[[0;32m  OK  [0m] Stopped Execute cloud user/final scripts.
         Stopping User Manager for UID 1000...
[[0;32m  OK  [0m] Stopped target Graphical Interface.
         Stopping Accounts Service...
[[0;32m  OK  [0m] Stopped target Multi-User System.
         Stopping LSB: Set the CPU Frequency Scaling governor to "ondemand"...
         Stopping D-Bus System Message Bus...
[[0;32m  OK  [0m] Stopped target Login Prompts.
         Stopping Getty on tty1...
         Stopping Serial Getty on ttyS0...
         Stopping LSB: MD monitoring daemon...
         Stopping LXD - container startup/shutdown...
         Stopping A high performance web server and a reverse proxy server...
         Stopping Regular background program processing daemon...
         Stopping FUSE filesystem for LXC...
         Stopping LSB: Record successful boot for GRUB...
         Stopping LSB: daemon to balance interrupts for SMP systems...
         Stopping LSB: automatic crash report generation...
         Stopping Authenticate and Authorize Users to Run Privileged Tasks...
[[0;32m  OK  [0m] Closed Load/Save RF Kill Switch Status /dev/rfkill Watch.
         Stopping System Logging Service...
         Stopping Session 3 of user vagrant.
         Stopping OpenBSD Secure Shell server...
[[0;32m  OK  [0m] Stopped Apply the settings specified in cloud-config.
[[0;32m  OK  [0m] Stopped Wait until snapd is fully seeded.
[[0;32m  OK  [0m] Stopped target Cloud-config availability.
         Stopping Deferred execution scheduler...
         Stopping Virtualbox guest utils...
[[0;32m  OK  [0m] Stopped target Timers.
[[0;32m  OK  [0m] Stopped Message of the Day.
[[0;32m  OK  [0m] Stopped Ubuntu Advantage update messaging.
[[0;32m  OK  [0m] Stopped Daily apt upgrade and clean activities.
[[0;32m  OK  [0m] Stopped Daily Cleanup of Temporary Directories.
[[0;32m  OK  [0m] Stopped Daily apt download activities.
[[0;32m  OK  [0m] Stopped target System Time Synchronized.
[[0;32m  OK  [0m] Unmounted /var/lib/lxcfs.
[[0;32m  OK  [0m] Stopped System Logging Service.
[[0;32m  OK  [0m] Stopped Deferred execution scheduler.
[[0;32m  OK  [0m] Stopped Accounts Service.
[[0;32m  OK  [0m] Stopped Regular background program processing daemon.
[[0;32m  OK  [0m] Stopped Serial Getty on ttyS0.
[[0;32m  OK  [0m] Stopped Getty on tty1.
[[0;32m  OK  [0m] Stopped ACPI event daemon.
[[0;32m  OK  [0m] Stopped Authenticate and Authorize Users to Run Privileged Tasks.
[[0;32m  OK  [0m] Stopped OpenBSD Secure Shell server.
[[0;32m  OK  [0m] Stopped User Manager for UID 1000.
[[0;32m  OK  [0m] Stopped D-Bus System Message Bus.
[[0;32m  OK  [0m] Stopped Session 3 of user vagrant.
[[0;32m  OK  [0m] Stopped FUSE filesystem for LXC.
[[0;32m  OK  [0m] Stopped A high performance web server and a reverse proxy server.
[[0;32m  OK  [0m] Stopped LSB: Set the CPU Frequency Scaling governor to "ondemand".
[[0;32m  OK  [0m] Stopped LSB: MD monitoring daemon.
[[0;32m  OK  [0m] Stopped LXD - container startup/shutdown.
[[0;32m  OK  [0m] Stopped LSB: automatic crash report generation.
[[0;32m  OK  [0m] Stopped LSB: daemon to balance interrupts for SMP systems.
[[0;32m  OK  [0m] Removed slice User Slice of vagrant.
         Stopping Login Service...
[[0;32m  OK  [0m] Removed slice system-getty.slice.
[[0;32m  OK  [0m] Stopped /etc/rc.local Compatibility.
         Stopping Permit User Sessions...
[[0;32m  OK  [0m] Removed slice system-serial\x2dgetty.slice.
[[0;32m  OK  [0m] Stopped LSB: Record successful boot for GRUB.
[[0;32m  OK  [0m] Stopped Virtualbox guest utils.
[[0;32m  OK  [0m] Stopped Permit User Sessions.
[[0;32m  OK  [0m] Stopped target Remote File Systems.
         Unmounting /vagrant...
[[0;32m  OK  [0m] Unmounted /vagrant.
[[0;32m  OK  [0m] Stopped target Remote File Systems (Pre).
         Stopping Login to default iSCSI targets...
[[0;32m  OK  [0m] Stopped Login to default iSCSI targets.
         Stopping iSCSI initiator daemon (iscsid)...
[[0;32m  OK  [0m] Stopped iSCSI initiator daemon (iscsid).
[[0;32m  OK  [0m] Stopped target Network is Online.
[[0;32m  OK  [0m] Stopped target Network.
[[0;32m  OK  [0m] Stopped Login Service.
[[0;32m  OK  [0m] Stopped target Basic System.
[[0;32m  OK  [0m] Stopped target Slices.
[[0;32m  OK  [0m] Removed slice User and Session Slice.
[[0;32m  OK  [0m] Stopped target Sockets.
[[0;32m  OK  [0m] Closed Syslog Socket.
[[0;32m  OK  [0m] Closed D-Bus System Message Bus Socket.
[[0;32m  OK  [0m] Closed LXD - unix socket.
[[0;32m  OK  [0m] Closed ACPID Listen Socket.
[[0;32m  OK  [0m] Closed Socket activation for snappy daemon.
[[0;32m  OK  [0m] Closed UUID daemon activation socket.
[[0;32m  OK  [0m] Stopped target Paths.
[[0;32m  OK  [0m] Stopped Forward Password Requests to Wall Directory Watch.
[[0;32m  OK  [0m] Stopped Dispatch Password Requests to Console Directory Watch.
[[0;32m  OK  [0m] Stopped ACPI Events Check.
[[0;32m  OK  [0m] Stopped target System Initialization.
         Stopping Load/Save Random Seed...
[[0;32m  OK  [0m] Stopped target Encrypted Volumes.
[[0;32m  OK  [0m] Stopped target Swap.
[[0;32m  OK  [0m] Stopped Commit a transient machine-id on disk.
[[0;32m  OK  [0m] Stopped Create Volatile Files and Directories.
[[0;32m  OK  [0m] Stopped Initial cloud-init job (metadata service crawler).
         Stopping Raise network interfaces...
[[0;32m  OK  [0m] Stopped target User and Group Name Lookups.
[[0;32m  OK  [0m] Stopped Load/Save Random Seed.
[[0;32m  OK  [0m] Stopped Raise network interfaces.
[[0;32m  OK  [0m] Stopped target Network (Pre).
[[0;32m  OK  [0m] Stopped Initial cloud-init job (pre-networking).
[[0;32m  OK  [0m] Stopped Apply Kernel Variables.
[[0;32m  OK  [0m] Stopped Load Kernel Modules.
[[0;32m  OK  [0m] Stopped target Local File Systems.
         Unmounting /run/user/1000...
[[0;32m  OK  [0m] Unmounted /run/user/1000.
[[0;32m  OK  [0m] Reached target Unmount All Filesystems.
[[0;32m  OK  [0m] Stopped target Local File Systems (Pre).
[[0;32m  OK  [0m] Stopped Create Static Device Nodes in /dev.
[[0;32m  OK  [0m] Stopped Remount Root and Kernel File Systems.
[[0;32m  OK  [0m] Reached target Shutdown.
[  252.882986] reboot: Power down
